2024-10-08T15:18:21.827	[34mINFO[0m	MangoSC | sensor-pf-interaction | SPPIDI_ENV | b-prd | - | orch-auth-user | 20241008151821 | - | - | <coloque-seu-messageId> | - | requestStarting
2024-10-08T15:18:21.829	[34mINFO[0m	MangoSC | sensor-pf-interaction | SPPIDI_ENV | b-prd | - | orch-auth-user | 20241008151821 | - | - | <coloque-seu-messageId> | - | requestBodyReceive | - | {'responsible_person': "[['Jane Doe', '1234567890123'], ['Mark Doe', '1234567890123']]"}
2024-10-08T15:18:21.829	[34mINFO[0m	MangoSC | sensor-pf-interaction | SPPIDI_ENV | b-prd | - | orch-auth-user | 20241008151821 | - | - | <coloque-seu-messageId> | - | calling WAAPI to send message
2024-10-08T15:18:21.831	[31mERROR[0m	MangoSC | sensor-pf-interaction | SPPIDI_ENV | b-prd | - | orch-auth-user | 20241008151821 | - | - | <coloque-seu-messageId> | - | payloadReturn | - | string index out of range
2024-10-08T15:18:21.831	[31mERROR[0m	MangoSC | sensor-pf-interaction | SPPIDI_ENV | b-prd | - | orch-auth-user | 20241008151821 | - | - | <coloque-seu-messageId> | - | httpStatus | - | 500
2024-10-08T15:18:21.831	[34mINFO[0m	MangoSC | sensor-pf-interaction | SPPIDI_ENV | b-prd | - | orch-auth-user | 20241008151821 | - | - | <coloque-seu-messageId> | - | totalExecutionTime | - | 4 ms
2024-10-08T15:18:21.832	[33mWARNING[0m	MangoSC | sensor-pf-interaction | SPPIDI_ENV | b-prd | - | orch-auth-user | 20241008151821 | - | - | GET http://192.168.15.4:9200/ [status:N/A request:0.005s]
2024-10-08T15:18:21.838	[33mWARNING[0m	MangoSC | sensor-pf-interaction | SPPIDI_ENV | b-prd | - | orch-auth-user | 20241008151821 | - | - | GET http://192.168.15.4:9200/ [status:N/A request:0.005s]
2024-10-08T15:18:21.854	[33mWARNING[0m	MangoSC | sensor-pf-interaction | SPPIDI_ENV | b-prd | - | orch-auth-user | 20241008151821 | - | - | GET http://192.168.15.4:9200/ [status:N/A request:0.015s]
2024-10-08T15:18:21.863	[33mWARNING[0m	MangoSC | sensor-pf-interaction | SPPIDI_ENV | b-prd | - | orch-auth-user | 20241008151821 | - | - | GET http://192.168.15.4:9200/ [status:N/A request:0.004s]
2024-10-08T15:19:12.300	[34mINFO[0m	MangoSC | sensor-pf-interaction | SPPIDI_ENV | b-prd | - | orch-auth-user | 20241008151912 | - | - | <coloque-seu-messageId> | - | requestStarting
2024-10-08T15:19:12.301	[34mINFO[0m	MangoSC | sensor-pf-interaction | SPPIDI_ENV | b-prd | - | orch-auth-user | 20241008151912 | - | - | <coloque-seu-messageId> | - | requestBodyReceive | - | {'responsible_person': "[['Jane Doe', '1234567890123'], ['Mark Doe', '1234567890123']]"}
2024-10-08T15:19:12.301	[34mINFO[0m	MangoSC | sensor-pf-interaction | SPPIDI_ENV | b-prd | - | orch-auth-user | 20241008151912 | - | - | <coloque-seu-messageId> | - | calling WAAPI to send message
2024-10-08T15:19:12.302	[31mERROR[0m	MangoSC | sensor-pf-interaction | SPPIDI_ENV | b-prd | - | orch-auth-user | 20241008151912 | - | - | <coloque-seu-messageId> | - | payloadReturn | - | string index out of range
2024-10-08T15:19:12.302	[31mERROR[0m	MangoSC | sensor-pf-interaction | SPPIDI_ENV | b-prd | - | orch-auth-user | 20241008151912 | - | - | <coloque-seu-messageId> | - | httpStatus | - | 500
2024-10-08T15:19:12.302	[34mINFO[0m	MangoSC | sensor-pf-interaction | SPPIDI_ENV | b-prd | - | orch-auth-user | 20241008151912 | - | - | <coloque-seu-messageId> | - | totalExecutionTime | - | 1 ms
2024-10-08T15:20:06.542	[34mINFO[0m	MangoSC | sensor-pf-interaction | SPPIDI_ENV | b-prd | - | orch-auth-user | 20241008152006 | - | - | <coloque-seu-messageId> | - | requestStarting
2024-10-08T15:20:06.543	[34mINFO[0m	MangoSC | sensor-pf-interaction | SPPIDI_ENV | b-prd | - | orch-auth-user | 20241008152006 | - | - | <coloque-seu-messageId> | - | requestBodyReceive | - | {'responsible_person': "[['Jane Doe', '1234567890123'], ['Mark Doe', '1234567890123']]"}
2024-10-08T15:20:06.544	[34mINFO[0m	MangoSC | sensor-pf-interaction | SPPIDI_ENV | b-prd | - | orch-auth-user | 20241008152006 | - | - | <coloque-seu-messageId> | - | calling WAAPI to send message
2024-10-08T15:20:06.544	[31mERROR[0m	MangoSC | sensor-pf-interaction | SPPIDI_ENV | b-prd | - | orch-auth-user | 20241008152006 | - | - | <coloque-seu-messageId> | - | payloadReturn | - | string index out of range
2024-10-08T15:20:06.544	[31mERROR[0m	MangoSC | sensor-pf-interaction | SPPIDI_ENV | b-prd | - | orch-auth-user | 20241008152006 | - | - | <coloque-seu-messageId> | - | httpStatus | - | 500
2024-10-08T15:20:06.544	[34mINFO[0m	MangoSC | sensor-pf-interaction | SPPIDI_ENV | b-prd | - | orch-auth-user | 20241008152006 | - | - | <coloque-seu-messageId> | - | totalExecutionTime | - | 1 ms
2024-10-08T15:20:49.672	[34mINFO[0m	MangoSC | sensor-pf-interaction | SPPIDI_ENV | b-prd | - | orch-auth-user | 20241008152049 | - | - | <coloque-seu-messageId> | - | requestStarting
2024-10-08T15:20:49.673	[34mINFO[0m	MangoSC | sensor-pf-interaction | SPPIDI_ENV | b-prd | - | orch-auth-user | 20241008152049 | - | - | <coloque-seu-messageId> | - | requestBodyReceive | - | {'responsible_person': "[['Jane Doe', '1234567890123'], ['Mark Doe', '1234567890123']]"}
2024-10-08T15:20:49.675	[34mINFO[0m	MangoSC | sensor-pf-interaction | SPPIDI_ENV | b-prd | - | orch-auth-user | 20241008152049 | - | - | <coloque-seu-messageId> | - | calling WAAPI to send message
2024-10-08T15:20:49.676	[31mERROR[0m	MangoSC | sensor-pf-interaction | SPPIDI_ENV | b-prd | - | orch-auth-user | 20241008152049 | - | - | <coloque-seu-messageId> | - | payloadReturn | - | list index out of range
2024-10-08T15:20:49.676	[31mERROR[0m	MangoSC | sensor-pf-interaction | SPPIDI_ENV | b-prd | - | orch-auth-user | 20241008152049 | - | - | <coloque-seu-messageId> | - | httpStatus | - | 500
2024-10-08T15:20:49.676	[34mINFO[0m	MangoSC | sensor-pf-interaction | SPPIDI_ENV | b-prd | - | orch-auth-user | 20241008152049 | - | - | <coloque-seu-messageId> | - | totalExecutionTime | - | 3 ms
2024-10-08T15:22:17.400	[34mINFO[0m	MangoSC | sensor-pf-interaction | SPPIDI_ENV | b-prd | - | orch-auth-user | 20241008152217 | - | - | <coloque-seu-messageId> | - | requestStarting
2024-10-08T15:22:17.401	[34mINFO[0m	MangoSC | sensor-pf-interaction | SPPIDI_ENV | b-prd | - | orch-auth-user | 20241008152217 | - | - | <coloque-seu-messageId> | - | requestBodyReceive | - | {'responsible_person': "[['Jane Doe', '1234567890123', 'Um alarme de incêndio foi acionado'], ['Mark Doe', '1234567890123', 'Um alarme de incêndio foi acionado']]"}
2024-10-08T15:22:17.402	[34mINFO[0m	MangoSC | sensor-pf-interaction | SPPIDI_ENV | b-prd | - | orch-auth-user | 20241008152217 | - | - | <coloque-seu-messageId> | - | calling WAAPI to send message
2024-10-08T15:22:17.638	[31mERROR[0m	MangoSC | sensor-pf-interaction | SPPIDI_ENV | b-prd | - | orch-auth-user | 20241008152217 | - | - | <coloque-seu-messageId> | - | payloadReturn | - | HTTPSConnectionPool(host='waapi.app', port=443): Max retries exceeded with url: /api/v1/instances/21971/client/action/send-message (Caused by SSLError(SSLEOFError(8, '[SSL: UNEXPECTED_EOF_WHILE_READING] EOF occurred in violation of protocol (_ssl.c:1007)')))
2024-10-08T15:22:17.638	[31mERROR[0m	MangoSC | sensor-pf-interaction | SPPIDI_ENV | b-prd | - | orch-auth-user | 20241008152217 | - | - | <coloque-seu-messageId> | - | httpStatus | - | 500
2024-10-08T15:22:17.638	[34mINFO[0m	MangoSC | sensor-pf-interaction | SPPIDI_ENV | b-prd | - | orch-auth-user | 20241008152217 | - | - | <coloque-seu-messageId> | - | totalExecutionTime | - | 238 ms
2024-10-08T15:24:37.115	[34mINFO[0m	MangoSC | sensor-pf-interaction | SPPIDI_ENV | b-prd | - | orch-auth-user | 20241008152437 | - | - | <coloque-seu-messageId> | - | requestStarting
2024-10-08T15:24:37.115	[34mINFO[0m	MangoSC | sensor-pf-interaction | SPPIDI_ENV | b-prd | - | orch-auth-user | 20241008152437 | - | - | <coloque-seu-messageId> | - | requestBodyReceive | - | {'responsible_person': "[['Jane Doe', '1234567890123', 'Um alarme de incêndio foi acionado'], ['Mark Doe', '1234567890123', 'Um alarme de incêndio foi acionado']]"}
2024-10-08T15:24:37.116	[34mINFO[0m	MangoSC | sensor-pf-interaction | SPPIDI_ENV | b-prd | - | orch-auth-user | 20241008152437 | - | - | <coloque-seu-messageId> | - | calling WAAPI to send message
2024-10-08T15:24:39.581	[34mINFO[0m	MangoSC | sensor-pf-interaction | SPPIDI_ENV | b-prd | - | orch-auth-user | 20241008152439 | - | - | <coloque-seu-messageId> | - | payloadReturn | - | 
2024-10-08T15:24:39.581	[34mINFO[0m	MangoSC | sensor-pf-interaction | SPPIDI_ENV | b-prd | - | orch-auth-user | 20241008152439 | - | - | <coloque-seu-messageId> | - | httpStatus | - | 200
2024-10-08T15:24:39.581	[34mINFO[0m	MangoSC | sensor-pf-interaction | SPPIDI_ENV | b-prd | - | orch-auth-user | 20241008152439 | - | - | <coloque-seu-messageId> | - | totalExecutionTime | - | 2466 ms
2024-10-08T15:31:38.840	[34mINFO[0m	MangoSC | sensor-pf-interaction | SPPIDI_ENV | b-prd | - | orch-auth-user | 20241008153138 | - | - | <coloque-seu-messageId> | - | requestStarting
2024-10-08T15:31:38.841	[34mINFO[0m	MangoSC | sensor-pf-interaction | SPPIDI_ENV | b-prd | - | orch-auth-user | 20241008153138 | - | - | <coloque-seu-messageId> | - | requestBodyReceive | - | {'responsible_person': "[['Jane Doe', '5514996142542', 'Um alarme de incêndio foi acionado'], ['Mark Doe', '5514998541911', 'Um alarme de incêndio foi acionado']]"}
2024-10-08T15:31:38.841	[34mINFO[0m	MangoSC | sensor-pf-interaction | SPPIDI_ENV | b-prd | - | orch-auth-user | 20241008153138 | - | - | <coloque-seu-messageId> | - | calling WAAPI to send message
2024-10-08T15:31:41.023	[34mINFO[0m	MangoSC | sensor-pf-interaction | SPPIDI_ENV | b-prd | - | orch-auth-user | 20241008153141 | - | - | <coloque-seu-messageId> | - | payloadReturn | - | 
2024-10-08T15:31:41.023	[34mINFO[0m	MangoSC | sensor-pf-interaction | SPPIDI_ENV | b-prd | - | orch-auth-user | 20241008153141 | - | - | <coloque-seu-messageId> | - | httpStatus | - | 200
2024-10-08T15:31:41.023	[34mINFO[0m	MangoSC | sensor-pf-interaction | SPPIDI_ENV | b-prd | - | orch-auth-user | 20241008153141 | - | - | <coloque-seu-messageId> | - | totalExecutionTime | - | 2182 ms
2024-10-08T15:37:02.011	[34mINFO[0m	MangoSC | sensor-pf-interaction | SPPIDI_ENV | b-prd | - | orch-auth-user | 20241008153702 | - | - | <coloque-seu-messageId> | - | requestStarting
2024-10-08T15:37:02.011	[34mINFO[0m	MangoSC | sensor-pf-interaction | SPPIDI_ENV | b-prd | - | orch-auth-user | 20241008153702 | - | - | <coloque-seu-messageId> | - | requestBodyReceive | - | {'responsible_person': "[['Jane Doe', '5514996142542'], ['Mark Doe', '5514998541911']]"}
2024-10-08T15:37:02.012	[34mINFO[0m	MangoSC | sensor-pf-interaction | SPPIDI_ENV | b-prd | - | orch-auth-user | 20241008153702 | - | - | <coloque-seu-messageId> | - | calling WAAPI to send message
2024-10-08T15:37:02.012	[31mERROR[0m	MangoSC | sensor-pf-interaction | SPPIDI_ENV | b-prd | - | orch-auth-user | 20241008153702 | - | - | <coloque-seu-messageId> | - | payloadReturn | - | list index out of range
2024-10-08T15:37:02.012	[31mERROR[0m	MangoSC | sensor-pf-interaction | SPPIDI_ENV | b-prd | - | orch-auth-user | 20241008153702 | - | - | <coloque-seu-messageId> | - | httpStatus | - | 500
2024-10-08T15:37:02.012	[34mINFO[0m	MangoSC | sensor-pf-interaction | SPPIDI_ENV | b-prd | - | orch-auth-user | 20241008153702 | - | - | <coloque-seu-messageId> | - | totalExecutionTime | - | 1 ms
2024-10-08T15:42:36.888	[34mINFO[0m	MangoSC | sensor-pf-interaction | SPPIDI_ENV | b-prd | - | orch-auth-user | 20241008154236 | - | - | <coloque-seu-messageId> | - | requestStarting
2024-10-08T15:42:36.889	[34mINFO[0m	MangoSC | sensor-pf-interaction | SPPIDI_ENV | b-prd | - | orch-auth-user | 20241008154236 | - | - | <coloque-seu-messageId> | - | requestBodyReceive | - | {'responsible_person': "[['Jane Doe', '5514996142542'], ['Mark Doe', '5514998541911']]"}
2024-10-08T15:42:36.889	[34mINFO[0m	MangoSC | sensor-pf-interaction | SPPIDI_ENV | b-prd | - | orch-auth-user | 20241008154236 | - | - | <coloque-seu-messageId> | - | calling WAAPI to send message
2024-10-08T15:42:36.890	[31mERROR[0m	MangoSC | sensor-pf-interaction | SPPIDI_ENV | b-prd | - | orch-auth-user | 20241008154236 | - | - | <coloque-seu-messageId> | - | payloadReturn | - | list index out of range
2024-10-08T15:42:36.890	[31mERROR[0m	MangoSC | sensor-pf-interaction | SPPIDI_ENV | b-prd | - | orch-auth-user | 20241008154236 | - | - | <coloque-seu-messageId> | - | httpStatus | - | 500
2024-10-08T15:42:36.890	[34mINFO[0m	MangoSC | sensor-pf-interaction | SPPIDI_ENV | b-prd | - | orch-auth-user | 20241008154236 | - | - | <coloque-seu-messageId> | - | totalExecutionTime | - | 2 ms
2024-10-08T15:43:25.161	[34mINFO[0m	MangoSC | sensor-pf-interaction | SPPIDI_ENV | b-prd | - | orch-auth-user | 20241008154325 | - | - | <coloque-seu-messageId> | - | requestStarting
2024-10-08T15:43:25.162	[34mINFO[0m	MangoSC | sensor-pf-interaction | SPPIDI_ENV | b-prd | - | orch-auth-user | 20241008154325 | - | - | <coloque-seu-messageId> | - | requestBodyReceive | - | {'responsible_person': "[['Jane Doe', '5514996142542', '🚨🚨🚨 Atenção!! 🚨🚨🚨 \\n    Um alarme de incêndio foi acionado. informações do alarme:\\n    Descrição do equipamento: c\\n    Modelo da câmera: a\\n    Horário do alarme: 2024-10-08 15:43:25.146816'], ['Mark Doe', '5514998541911', '🚨🚨🚨 Atenção!! 🚨🚨🚨 \\n    Um alarme de incêndio foi acionado. informações do alarme:\\n    Descrição do equipamento: c\\n    Modelo da câmera: a\\n    Horário do alarme: 2024-10-08 15:43:25.146816']]"}
2024-10-08T15:43:25.163	[34mINFO[0m	MangoSC | sensor-pf-interaction | SPPIDI_ENV | b-prd | - | orch-auth-user | 20241008154325 | - | - | <coloque-seu-messageId> | - | calling WAAPI to send message
2024-10-08T15:43:26.823	[34mINFO[0m	MangoSC | sensor-pf-interaction | SPPIDI_ENV | b-prd | - | orch-auth-user | 20241008154326 | - | - | <coloque-seu-messageId> | - | payloadReturn | - | 
2024-10-08T15:43:26.823	[34mINFO[0m	MangoSC | sensor-pf-interaction | SPPIDI_ENV | b-prd | - | orch-auth-user | 20241008154326 | - | - | <coloque-seu-messageId> | - | httpStatus | - | 200
2024-10-08T15:43:26.823	[34mINFO[0m	MangoSC | sensor-pf-interaction | SPPIDI_ENV | b-prd | - | orch-auth-user | 20241008154326 | - | - | <coloque-seu-messageId> | - | totalExecutionTime | - | 1662 ms
2024-10-08T15:45:26.194	[34mINFO[0m	MangoSC | sensor-pf-interaction | SPPIDI_ENV | b-prd | - | orch-auth-user | 20241008154526 | - | - | <coloque-seu-messageId> | - | requestStarting
2024-10-08T15:45:26.195	[34mINFO[0m	MangoSC | sensor-pf-interaction | SPPIDI_ENV | b-prd | - | orch-auth-user | 20241008154526 | - | - | <coloque-seu-messageId> | - | requestBodyReceive | - | {'responsible_person': "[['Jane Doe', '5514996142542', '🚨🚨🚨 Atenção!! 🚨🚨🚨 \\n    Um alarme de incêndio foi acionado. informações do alarme:\\n    Descrição do equipamento: c\\n    Modelo da câmera: a\\n    Horário do alarme: 2024-10-08 15:45:26.186736'], ['Mark Doe', '5514997831258', '🚨🚨🚨 Atenção!! 🚨🚨🚨 \\n    Um alarme de incêndio foi acionado. informações do alarme:\\n    Descrição do equipamento: c\\n    Modelo da câmera: a\\n    Horário do alarme: 2024-10-08 15:45:26.186736']]"}
2024-10-08T15:45:26.195	[34mINFO[0m	MangoSC | sensor-pf-interaction | SPPIDI_ENV | b-prd | - | orch-auth-user | 20241008154526 | - | - | <coloque-seu-messageId> | - | calling WAAPI to send message
2024-10-08T15:45:28.636	[34mINFO[0m	MangoSC | sensor-pf-interaction | SPPIDI_ENV | b-prd | - | orch-auth-user | 20241008154528 | - | - | <coloque-seu-messageId> | - | payloadReturn | - | 
2024-10-08T15:45:28.636	[34mINFO[0m	MangoSC | sensor-pf-interaction | SPPIDI_ENV | b-prd | - | orch-auth-user | 20241008154528 | - | - | <coloque-seu-messageId> | - | httpStatus | - | 200
2024-10-08T15:45:28.636	[34mINFO[0m	MangoSC | sensor-pf-interaction | SPPIDI_ENV | b-prd | - | orch-auth-user | 20241008154528 | - | - | <coloque-seu-messageId> | - | totalExecutionTime | - | 2442 ms
2024-10-08T15:48:01.382	[34mINFO[0m	MangoSC | sensor-pf-interaction | SPPIDI_ENV | b-prd | - | orch-auth-user | 20241008154801 | - | - | <coloque-seu-messageId> | - | requestStarting
2024-10-08T15:48:01.382	[34mINFO[0m	MangoSC | sensor-pf-interaction | SPPIDI_ENV | b-prd | - | orch-auth-user | 20241008154801 | - | - | <coloque-seu-messageId> | - | requestBodyReceive | - | {'responsible_person': "[['Jane Doe', '5514996142542', '🚨🚨🚨 Atenção!! 🚨🚨🚨 \\n    Um alarme de incêndio foi acionado. informações do alarme:\\n    Descrição do equipamento: c\\n    Modelo da câmera: a\\n    Horário do alarme: 2024-10-08 15:48:01.370542'], ['Mark Doe', '5514         ', '🚨🚨🚨 Atenção!! 🚨🚨🚨 \\n    Um alarme de incêndio foi acionado. informações do alarme:\\n    Descrição do equipamento: c\\n    Modelo da câmera: a\\n    Horário do alarme: 2024-10-08 15:48:01.370542']]"}
2024-10-08T15:48:01.383	[34mINFO[0m	MangoSC | sensor-pf-interaction | SPPIDI_ENV | b-prd | - | orch-auth-user | 20241008154801 | - | - | <coloque-seu-messageId> | - | calling WAAPI to send message
2024-10-08T15:48:03.375	[31mERROR[0m	MangoSC | sensor-pf-interaction | SPPIDI_ENV | b-prd | - | orch-auth-user | 20241008154803 | - | - | <coloque-seu-messageId> | - | payloadReturn | - | Error to send message
2024-10-08T15:48:03.375	[31mERROR[0m	MangoSC | sensor-pf-interaction | SPPIDI_ENV | b-prd | - | orch-auth-user | 20241008154803 | - | - | <coloque-seu-messageId> | - | httpStatus | - | 500
2024-10-08T15:48:03.375	[34mINFO[0m	MangoSC | sensor-pf-interaction | SPPIDI_ENV | b-prd | - | orch-auth-user | 20241008154803 | - | - | <coloque-seu-messageId> | - | totalExecutionTime | - | 1993 ms
2024-10-08T15:58:57.191	[34mINFO[0m	MangoSC | sensor-pf-interaction | SPPIDI_ENV | b-prd | - | orch-auth-user | 20241008155857 | - | - | <seu_message_id> | - | requestStarting
2024-10-08T15:58:57.192	[34mINFO[0m	MangoSC | sensor-pf-interaction | SPPIDI_ENV | b-prd | - | orch-auth-user | 20241008155857 | - | - | <seu_message_id> | - | requestBodyReceive | - | {'responsible_person': "[['Jane Doe', '5514996142542', '🚨🚨🚨 Atenção!! 🚨🚨🚨 \\n    Um alarme de incêndio foi acionado. informações do alarme:\\n    Descrição do equipamento: c\\n    Modelo da câmera: a\\n    Horário do alarme: 2024-10-08 15:58:57.185965'], ['Mark Doe', '5514         ', '🚨🚨🚨 Atenção!! 🚨🚨🚨 \\n    Um alarme de incêndio foi acionado. informações do alarme:\\n    Descrição do equipamento: c\\n    Modelo da câmera: a\\n    Horário do alarme: 2024-10-08 15:58:57.185965']]"}
2024-10-08T15:58:57.192	[34mINFO[0m	MangoSC | sensor-pf-interaction | SPPIDI_ENV | b-prd | - | orch-auth-user | 20241008155857 | - | - | <seu_message_id> | - | calling WAAPI to send message
2024-10-08T15:58:59.902	[31mERROR[0m	MangoSC | sensor-pf-interaction | SPPIDI_ENV | b-prd | - | orch-auth-user | 20241008155859 | - | - | <seu_message_id> | - | payloadReturn | - | Error to send message
2024-10-08T15:58:59.902	[31mERROR[0m	MangoSC | sensor-pf-interaction | SPPIDI_ENV | b-prd | - | orch-auth-user | 20241008155859 | - | - | <seu_message_id> | - | httpStatus | - | 500
2024-10-08T15:58:59.902	[34mINFO[0m	MangoSC | sensor-pf-interaction | SPPIDI_ENV | b-prd | - | orch-auth-user | 20241008155859 | - | - | <seu_message_id> | - | totalExecutionTime | - | 2710 ms
2024-10-08T16:02:38.147	[34mINFO[0m	MangoSC | sensor-pf-interaction | SPPIDI_ENV | b-prd | - | orch-auth-user | 20241008160238 | - | - | <seu_message_id> | - | requestStarting
2024-10-08T16:02:38.147	[34mINFO[0m	MangoSC | sensor-pf-interaction | SPPIDI_ENV | b-prd | - | orch-auth-user | 20241008160238 | - | - | <seu_message_id> | - | requestBodyReceive | - | {'responsible_person': "[['Jane Doe', '5514996142542', '🚨🚨🚨 Atenção!! 🚨🚨🚨 \\n    Um alarme de incêndio foi acionado. informações do alarme:\\n    Descrição do equipamento: c\\n    Modelo da câmera: a\\n    Horário do alarme: 2024-10-08 16:02:38.143044'], ['Mark Doe', '5514         ', '🚨🚨🚨 Atenção!! 🚨🚨🚨 \\n    Um alarme de incêndio foi acionado. informações do alarme:\\n    Descrição do equipamento: c\\n    Modelo da câmera: a\\n    Horário do alarme: 2024-10-08 16:02:38.143044']]"}
2024-10-08T16:02:38.148	[34mINFO[0m	MangoSC | sensor-pf-interaction | SPPIDI_ENV | b-prd | - | orch-auth-user | 20241008160238 | - | - | <seu_message_id> | - | calling WAAPI to send message
2024-10-08T16:02:39.703	[31mERROR[0m	MangoSC | sensor-pf-interaction | SPPIDI_ENV | b-prd | - | orch-auth-user | 20241008160239 | - | - | <seu_message_id> | - | payloadReturn | - | Error to send message
2024-10-08T16:02:39.703	[31mERROR[0m	MangoSC | sensor-pf-interaction | SPPIDI_ENV | b-prd | - | orch-auth-user | 20241008160239 | - | - | <seu_message_id> | - | httpStatus | - | 500
2024-10-08T16:02:39.703	[34mINFO[0m	MangoSC | sensor-pf-interaction | SPPIDI_ENV | b-prd | - | orch-auth-user | 20241008160239 | - | - | <seu_message_id> | - | totalExecutionTime | - | 1555 ms
2024-10-08T16:02:51.217	[34mINFO[0m	MangoSC | sensor-pf-interaction | SPPIDI_ENV | b-prd | - | orch-auth-user | 20241008160251 | - | - | <seu_message_id> | - | requestStarting
2024-10-08T16:02:51.218	[34mINFO[0m	MangoSC | sensor-pf-interaction | SPPIDI_ENV | b-prd | - | orch-auth-user | 20241008160251 | - | - | <seu_message_id> | - | requestBodyReceive | - | {'responsible_person': "[['Jane Doe', '5514996142542', '🚨🚨🚨 Atenção!! 🚨🚨🚨 \\n    Um alarme de incêndio foi acionado. informações do alarme:\\n    Descrição do equipamento: c\\n    Modelo da câmera: a\\n    Horário do alarme: 2024-10-08 16:02:51.212101'], ['Mark Doe', '5514         ', '🚨🚨🚨 Atenção!! 🚨🚨🚨 \\n    Um alarme de incêndio foi acionado. informações do alarme:\\n    Descrição do equipamento: c\\n    Modelo da câmera: a\\n    Horário do alarme: 2024-10-08 16:02:51.212101']]"}
2024-10-08T16:02:51.218	[34mINFO[0m	MangoSC | sensor-pf-interaction | SPPIDI_ENV | b-prd | - | orch-auth-user | 20241008160251 | - | - | <seu_message_id> | - | calling WAAPI to send message
2024-10-08T16:02:52.712	[31mERROR[0m	MangoSC | sensor-pf-interaction | SPPIDI_ENV | b-prd | - | orch-auth-user | 20241008160252 | - | - | <seu_message_id> | - | payloadReturn | - | Error to send message
2024-10-08T16:02:52.712	[31mERROR[0m	MangoSC | sensor-pf-interaction | SPPIDI_ENV | b-prd | - | orch-auth-user | 20241008160252 | - | - | <seu_message_id> | - | httpStatus | - | 500
2024-10-08T16:02:52.722	[34mINFO[0m	MangoSC | sensor-pf-interaction | SPPIDI_ENV | b-prd | - | orch-auth-user | 20241008160252 | - | - | <seu_message_id> | - | totalExecutionTime | - | 1504 ms
2024-10-08T16:07:10.890	[34mINFO[0m	MangoSC | sensor-pf-interaction | SPPIDI_ENV | b-prd | - | orch-auth-user | 20241008160710 | - | - | <seu_message_id> | - | requestStarting
2024-10-08T16:07:10.891	[34mINFO[0m	MangoSC | sensor-pf-interaction | SPPIDI_ENV | b-prd | - | orch-auth-user | 20241008160710 | - | - | <seu_message_id> | - | requestBodyReceive | - | {'responsible_person': "[['Jane Doe', '5514996142542', '🚨🚨🚨 Atenção!! 🚨🚨🚨 \\n    Um alarme de incêndio foi acionado. informações do alarme:\\n    Descrição do equipamento: c\\n    Modelo da câmera: a\\n    Horário do alarme: 2024-10-08 16:07:10.883331'], ['Mark Doe', '5514         ', '🚨🚨🚨 Atenção!! 🚨🚨🚨 \\n    Um alarme de incêndio foi acionado. informações do alarme:\\n    Descrição do equipamento: c\\n    Modelo da câmera: a\\n    Horário do alarme: 2024-10-08 16:07:10.883331']]"}
2024-10-08T16:07:10.891	[34mINFO[0m	MangoSC | sensor-pf-interaction | SPPIDI_ENV | b-prd | - | orch-auth-user | 20241008160710 | - | - | <seu_message_id> | - | calling WAAPI to send message
2024-10-08T16:07:12.924	[31mERROR[0m	MangoSC | sensor-pf-interaction | SPPIDI_ENV | b-prd | - | orch-auth-user | 20241008160712 | - | - | <seu_message_id> | - | payloadReturn | - | Error to send message
2024-10-08T16:07:12.924	[31mERROR[0m	MangoSC | sensor-pf-interaction | SPPIDI_ENV | b-prd | - | orch-auth-user | 20241008160712 | - | - | <seu_message_id> | - | httpStatus | - | 500
2024-10-08T16:07:12.924	[34mINFO[0m	MangoSC | sensor-pf-interaction | SPPIDI_ENV | b-prd | - | orch-auth-user | 20241008160712 | - | - | <seu_message_id> | - | totalExecutionTime | - | 2034 ms
2024-10-08T16:09:05.062	[34mINFO[0m	MangoSC | sensor-pf-interaction | SPPIDI_ENV | b-prd | - | orch-auth-user | 20241008160905 | - | - | <seu_message_id> | - | requestStarting
2024-10-08T16:09:05.062	[34mINFO[0m	MangoSC | sensor-pf-interaction | SPPIDI_ENV | b-prd | - | orch-auth-user | 20241008160905 | - | - | <seu_message_id> | - | requestBodyReceive | - | {'responsible_person': "[['Jane Doe', '5514996142542', '🚨🚨🚨 Atenção!! 🚨🚨🚨 \\n    Um alarme de incêndio foi acionado. informações do alarme:\\n    Descrição do equipamento: c\\n    Modelo da câmera: a\\n    Horário do alarme: 2024-10-08 16:09:05.054654'], ['Mark Doe', '5514996142542', '🚨🚨🚨 Atenção!! 🚨🚨🚨 \\n    Um alarme de incêndio foi acionado. informações do alarme:\\n    Descrição do equipamento: c\\n    Modelo da câmera: a\\n    Horário do alarme: 2024-10-08 16:09:05.054654']]"}
2024-10-08T16:09:05.063	[34mINFO[0m	MangoSC | sensor-pf-interaction | SPPIDI_ENV | b-prd | - | orch-auth-user | 20241008160905 | - | - | <seu_message_id> | - | calling WAAPI to send message
2024-10-08T16:09:07.136	[34mINFO[0m	MangoSC | sensor-pf-interaction | SPPIDI_ENV | b-prd | - | orch-auth-user | 20241008160907 | - | - | <seu_message_id> | - | payloadReturn | - | 
2024-10-08T16:09:07.136	[34mINFO[0m	MangoSC | sensor-pf-interaction | SPPIDI_ENV | b-prd | - | orch-auth-user | 20241008160907 | - | - | <seu_message_id> | - | httpStatus | - | 200
2024-10-08T16:09:07.136	[34mINFO[0m	MangoSC | sensor-pf-interaction | SPPIDI_ENV | b-prd | - | orch-auth-user | 20241008160907 | - | - | <seu_message_id> | - | totalExecutionTime | - | 2074 ms
2024-10-08T16:11:44.987	[34mINFO[0m	MangoSC | sensor-pf-interaction | SPPIDI_ENV | b-prd | - | orch-auth-user | 20241008161144 | - | - | <seu_message_id> | - | requestStarting
2024-10-08T16:11:44.988	[34mINFO[0m	MangoSC | sensor-pf-interaction | SPPIDI_ENV | b-prd | - | orch-auth-user | 20241008161144 | - | - | <seu_message_id> | - | requestBodyReceive | - | {'responsible_person': "[['Jane Doe', '5514996142542', '🚨🚨🚨 Atenção!! 🚨🚨🚨 \\n    Um alarme de incêndio foi acionado. informações do alarme:\\n    Descrição do equipamento: c\\n    Modelo da câmera: a\\n    Horário do alarme: 2024-10-08 16:11:44.978109'], ['Mark Doe', '5514996142542', '🚨🚨🚨 Atenção!! 🚨🚨🚨 \\n    Um alarme de incêndio foi acionado. informações do alarme:\\n    Descrição do equipamento: c\\n    Modelo da câmera: a\\n    Horário do alarme: 2024-10-08 16:11:44.978109']]"}
2024-10-08T16:11:44.988	[34mINFO[0m	MangoSC | sensor-pf-interaction | SPPIDI_ENV | b-prd | - | orch-auth-user | 20241008161144 | - | - | <seu_message_id> | - | calling WAAPI to send message
2024-10-08T16:11:47.232	[34mINFO[0m	MangoSC | sensor-pf-interaction | SPPIDI_ENV | b-prd | - | orch-auth-user | 20241008161147 | - | - | <seu_message_id> | - | payloadReturn | - | 
2024-10-08T16:11:47.232	[34mINFO[0m	MangoSC | sensor-pf-interaction | SPPIDI_ENV | b-prd | - | orch-auth-user | 20241008161147 | - | - | <seu_message_id> | - | httpStatus | - | 200
2024-10-08T16:11:47.232	[34mINFO[0m	MangoSC | sensor-pf-interaction | SPPIDI_ENV | b-prd | - | orch-auth-user | 20241008161147 | - | - | <seu_message_id> | - | totalExecutionTime | - | 2245 ms
